
Showing logs for build [32mcb-kubecd-environment-pr-5494-3-66v6j-1[0m stage [32mmeta-pipeline[0m and container [32mstep-credential-initializer-2kr6w[0m
{"level":"warn","ts":1568573447.5634558,"logger":"fallback-logger","caller":"logging/config.go:69","msg":"Fetch GitHub commit ID from kodata failed: \"ref: refs/heads/master\" is not a valid GitHub commit ID"}
{"level":"info","ts":1568573447.5639675,"logger":"fallback-logger","caller":"creds-init/main.go:40","msg":"Credentials initialized."}

Showing logs for build [32mcb-kubecd-environment-pr-5494-3-66v6j-1[0m stage [32mmeta-pipeline[0m and container [32mstep-working-dir-initializer-jrw7s[0m
{"level":"warn","ts":1568573448.489684,"logger":"fallback-logger","caller":"logging/config.go:69","msg":"Fetch GitHub commit ID from kodata failed: open /var/run/ko/HEAD: no such file or directory"}
{"level":"info","ts":1568573448.4912367,"logger":"fallback-logger","caller":"bash/main.go:65","msg":"Successfully executed command \"mkdir -p /workspace/source\""}

Showing logs for build [32mcb-kubecd-environment-pr-5494-3-66v6j-1[0m stage [32mmeta-pipeline[0m and container [32mstep-place-tools[0m

Showing logs for build [32mcb-kubecd-environment-pr-5494-3-66v6j-1[0m stage [32mmeta-pipeline[0m and container [32mstep-git-source-meta-cb-kubecd-environment-pr-5-4gb69[0m
{"level":"warn","ts":1568573454.5951324,"logger":"fallback-logger","caller":"logging/config.go:69","msg":"Fetch GitHub commit ID from kodata failed: \"ref: refs/heads/master\" is not a valid GitHub commit ID"}
{"level":"info","ts":1568573455.7204142,"logger":"fallback-logger","caller":"git/git.go:102","msg":"Successfully cloned https://github.com/cb-kubecd/environment-pr-5494-3-tekton-gkebdd-staging.git @ 32640bbccb425cf4bdf9b49467c2cd121557f8b0 in path /workspace/source"}

Showing logs for build [32mcb-kubecd-environment-pr-5494-3-66v6j-1[0m stage [32mmeta-pipeline[0m and container [32mstep-git-merge[0m
Using SHAs from PULL_REFS=master:32640bbccb425cf4bdf9b49467c2cd121557f8b0,2:ee4758bf6ba02f45381480d8f70cf99654b75d4b
DEBUG: ran git fetch --unshallow origin ee4758bf6ba02f45381480d8f70cf99654b75d4b: 32640bbccb425cf4bdf9b49467c2cd121557f8b0: in 
DEBUG: ran git checkout master in 
DEBUG: ran git reset --hard 32640bbccb425cf4bdf9b49467c2cd121557f8b0 in 
DEBUG: ran clean --force -d . in 
DEBUG: ran git merge ee4758bf6ba02f45381480d8f70cf99654b75d4b in 
Merged SHA ee4758bf6ba02f45381480d8f70cf99654b75d4b with commit message 'chore: Promote bdd-ghf**y-1568573199 to version 0.0.1' into base branch master

Showing logs for build [32mcb-kubecd-environment-pr-5494-3-66v6j-1[0m stage [32mmeta-pipeline[0m and container [32mstep-merge-pull-refs[0m
DEBUG: ran git fetch origin ee4758bf6ba02f45381480d8f70cf99654b75d4b: 32640bbccb425cf4bdf9b49467c2cd121557f8b0: in 
DEBUG: Unshallowed git repo in 
DEBUG: ran git checkout master in 
DEBUG: ran git reset --hard 32640bbccb425cf4bdf9b49467c2cd121557f8b0 in 
DEBUG: ran clean --force -d . in 
DEBUG: ran git merge ee4758bf6ba02f45381480d8f70cf99654b75d4b in 
Merged SHA ee4758bf6ba02f45381480d8f70cf99654b75d4b with commit message 'chore: Promote bdd-ghf**y-1568573199 to version 0.0.1' into base branch master

Showing logs for build [32mcb-kubecd-environment-pr-5494-3-66v6j-1[0m stage [32mmeta-pipeline[0m and container [32mstep-create-effective-pipeline[0m
Deleting and cloning the Jenkins X versions repo
Cloning the Jenkins X versions repo https://github.com/jenkins-x/jenkins-x-versions.git with ref refs/heads/master to /builder/home/.**/jenkins-x-versions
selected pack: /builder/home/.**/draft/packs/github.com/jenkins-x-buildpacks/jenkins-x-kubernetes/packs/environment
Effective pipeline written to jenkins-x-promotion-build-effective.yml

Showing logs for build [32mcb-kubecd-environment-pr-5494-3-66v6j-1[0m stage [32mmeta-pipeline[0m and container [32mstep-create-tekton-crds[0m
PipelineActivity for cb-kubecd-environment-pr-5494-3-tekton-gkebdd-staging-PR-2-1
Applying changes 
upserted PipelineResource cb-kubecd-environment-pr-5494-3 for the git repository https://github.com/cb-kubecd/environment-pr-5494-3-tekton-gkebdd-staging.git
upserted Task cb-kubecd-environment-pr-5494-3-66v6j-from-build-pack-1
upserted Pipeline cb-kubecd-environment-pr-5494-3-66v6j-1
created PipelineRun cb-kubecd-environment-pr-5494-3-66v6j-1
created PipelineStructure cb-kubecd-environment-pr-5494-3-66v6j-1

Showing logs for build [32mcb-kubecd-environment-pr-5494-3-66v6j-1[0m stage [32mfrom-build-pack[0m and container [32mstep-credential-initializer-tgdsq[0m
{"level":"warn","ts":1568573468.987308,"logger":"fallback-logger","caller":"logging/config.go:69","msg":"Fetch GitHub commit ID from kodata failed: \"ref: refs/heads/master\" is not a valid GitHub commit ID"}
{"level":"info","ts":1568573468.9881573,"logger":"fallback-logger","caller":"creds-init/main.go:40","msg":"Credentials initialized."}

Showing logs for build [32mcb-kubecd-environment-pr-5494-3-66v6j-1[0m stage [32mfrom-build-pack[0m and container [32mstep-working-dir-initializer-95hwr[0m
{"level":"warn","ts":1568573469.914802,"logger":"fallback-logger","caller":"logging/config.go:69","msg":"Fetch GitHub commit ID from kodata failed: open /var/run/ko/HEAD: no such file or directory"}
{"level":"info","ts":1568573469.9185073,"logger":"fallback-logger","caller":"bash/main.go:65","msg":"Successfully executed command \"mkdir -p /workspace/source /workspace/source/env\""}

Showing logs for build [32mcb-kubecd-environment-pr-5494-3-66v6j-1[0m stage [32mfrom-build-pack[0m and container [32mstep-place-tools[0m

Showing logs for build [32mcb-kubecd-environment-pr-5494-3-66v6j-1[0m stage [32mfrom-build-pack[0m and container [32mstep-git-source-cb-kubecd-environment-pr-5494-3-gxt7n[0m
{"level":"warn","ts":1568573530.7469687,"logger":"fallback-logger","caller":"logging/config.go:69","msg":"Fetch GitHub commit ID from kodata failed: \"ref: refs/heads/master\" is not a valid GitHub commit ID"}
{"level":"info","ts":1568573532.66452,"logger":"fallback-logger","caller":"git/git.go:102","msg":"Successfully cloned https://github.com/cb-kubecd/environment-pr-5494-3-tekton-gkebdd-staging.git @ master in path /workspace/source"}

Showing logs for build [32mcb-kubecd-environment-pr-5494-3-66v6j-1[0m stage [32mfrom-build-pack[0m and container [32mstep-git-merge[0m
Using SHAs from PULL_REFS=master:32640bbccb425cf4bdf9b49467c2cd121557f8b0,2:ee4758bf6ba02f45381480d8f70cf99654b75d4b
DEBUG: ran git fetch origin ee4758bf6ba02f45381480d8f70cf99654b75d4b: 32640bbccb425cf4bdf9b49467c2cd121557f8b0: in 
DEBUG: Unshallowed git repo in 
DEBUG: ran git checkout master in 
DEBUG: ran git reset --hard 32640bbccb425cf4bdf9b49467c2cd121557f8b0 in 
DEBUG: ran clean --force -d . in 
DEBUG: ran git merge ee4758bf6ba02f45381480d8f70cf99654b75d4b in 
Merged SHA ee4758bf6ba02f45381480d8f70cf99654b75d4b with commit message 'chore: Promote bdd-ghf**y-1568573199 to version 0.0.1' into base branch master

Showing logs for build [32mcb-kubecd-environment-pr-5494-3-66v6j-1[0m stage [32mfrom-build-pack[0m and container [32mstep-build-helm-build[0m
WARNING: No $CHART_REPOSITORY defined so using the default value of: http://jenkins-x-chartmuseum:8080
Adding missing Helm repo: storage.googleapis.com https://storage.googleapis.com/chartmuseum.jenkins-x.io
Successfully added Helm repository storage.googleapis.com.
Adding missing Helm repo: jenkins-x-chartmuseum http://jenkins-x-chartmuseum:8080
Successfully added Helm repository jenkins-x-chartmuseum.
WARNING: No $CHART_REPOSITORY defined so using the default value of: http://jenkins-x-chartmuseum:8080
Adding missing Helm repo: chartmuseum.jenkins-x.io http://chartmuseum.jenkins-x.io
Successfully added Helm repository chartmuseum.jenkins-x.io.
