
Showing logs for build [32mcb-kubecd-environment-pr-5494-3-1[0m stage [32mmeta-pipeline[0m and container [32mstep-credential-initializer-2pqtd[0m
{"level":"warn","ts":1568572653.2694368,"logger":"fallback-logger","caller":"logging/config.go:69","msg":"Fetch GitHub commit ID from kodata failed: \"ref: refs/heads/master\" is not a valid GitHub commit ID"}
{"level":"info","ts":1568572653.2802303,"logger":"fallback-logger","caller":"creds-init/main.go:40","msg":"Credentials initialized."}

Showing logs for build [32mcb-kubecd-environment-pr-5494-3-1[0m stage [32mmeta-pipeline[0m and container [32mstep-working-dir-initializer-pnn6w[0m
{"level":"warn","ts":1568572654.2558174,"logger":"fallback-logger","caller":"logging/config.go:69","msg":"Fetch GitHub commit ID from kodata failed: open /var/run/ko/HEAD: no such file or directory"}
{"level":"info","ts":1568572654.281984,"logger":"fallback-logger","caller":"bash/main.go:65","msg":"Successfully executed command \"mkdir -p /workspace/source\""}

Showing logs for build [32mcb-kubecd-environment-pr-5494-3-1[0m stage [32mmeta-pipeline[0m and container [32mstep-place-tools[0m

Showing logs for build [32mcb-kubecd-environment-pr-5494-3-1[0m stage [32mmeta-pipeline[0m and container [32mstep-git-source-meta-cb-kubecd-environment-pr-5-685sv[0m
{"level":"warn","ts":1568572658.9174023,"logger":"fallback-logger","caller":"logging/config.go:69","msg":"Fetch GitHub commit ID from kodata failed: \"ref: refs/heads/master\" is not a valid GitHub commit ID"}
{"level":"info","ts":1568572659.9614246,"logger":"fallback-logger","caller":"git/git.go:102","msg":"Successfully cloned https://github.com/cb-kubecd/environment-pr-5494-3-tekton-gkebdd-staging.git @ 7c92e18ad4086cfcf1a4d0a46196ab74ecb42332 in path /workspace/source"}

Showing logs for build [32mcb-kubecd-environment-pr-5494-3-1[0m stage [32mmeta-pipeline[0m and container [32mstep-git-merge[0m
Using SHAs from PULL_REFS=master:7c92e18ad4086cfcf1a4d0a46196ab74ecb42332,1:057ab427cd7c76f888b2b5ba645014f7c39184b3
DEBUG: ran git fetch --unshallow origin 057ab427cd7c76f888b2b5ba645014f7c39184b3: 7c92e18ad4086cfcf1a4d0a46196ab74ecb42332: in 
DEBUG: ran git checkout master in 
DEBUG: ran git reset --hard 7c92e18ad4086cfcf1a4d0a46196ab74ecb42332 in 
DEBUG: ran clean --force -d . in 
DEBUG: ran git merge 057ab427cd7c76f888b2b5ba645014f7c39184b3 in 
Merged SHA 057ab427cd7c76f888b2b5ba645014f7c39184b3 with commit message 'chore: Promote bdd-spring-1568572323 to version 0.0.1' into base branch master

Showing logs for build [32mcb-kubecd-environment-pr-5494-3-1[0m stage [32mmeta-pipeline[0m and container [32mstep-merge-pull-refs[0m
DEBUG: ran git fetch origin 057ab427cd7c76f888b2b5ba645014f7c39184b3: 7c92e18ad4086cfcf1a4d0a46196ab74ecb42332: in 
DEBUG: Unshallowed git repo in 
DEBUG: ran git checkout master in 
DEBUG: ran git reset --hard 7c92e18ad4086cfcf1a4d0a46196ab74ecb42332 in 
DEBUG: ran clean --force -d . in 
DEBUG: ran git merge 057ab427cd7c76f888b2b5ba645014f7c39184b3 in 
Merged SHA 057ab427cd7c76f888b2b5ba645014f7c39184b3 with commit message 'chore: Promote bdd-spring-1568572323 to version 0.0.1' into base branch master

Showing logs for build [32mcb-kubecd-environment-pr-5494-3-1[0m stage [32mmeta-pipeline[0m and container [32mstep-create-effective-pipeline[0m
Deleting and cloning the Jenkins X versions repo
Cloning the Jenkins X versions repo https://github.com/jenkins-x/jenkins-x-versions.git with ref refs/heads/master to /builder/home/.**/jenkins-x-versions
selected pack: /builder/home/.**/draft/packs/github.com/jenkins-x-buildpacks/jenkins-x-kubernetes/packs/environment
Effective pipeline written to jenkins-x-promotion-build-effective.yml

Showing logs for build [32mcb-kubecd-environment-pr-5494-3-1[0m stage [32mmeta-pipeline[0m and container [32mstep-create-tekton-crds[0m
PipelineActivity for cb-kubecd-environment-pr-5494-3-tekton-gkebdd-staging-PR-1-1
Applying changes 
upserted PipelineResource cb-kubecd-environment-pr-5494-3 for the git repository https://github.com/cb-kubecd/environment-pr-5494-3-tekton-gkebdd-staging.git
upserted Task cb-kubecd-environment-pr-5494-3-from-build-pack-1
upserted Pipeline cb-kubecd-environment-pr-5494-3-1
created PipelineRun cb-kubecd-environment-pr-5494-3-1
created PipelineStructure cb-kubecd-environment-pr-5494-3-1

Showing logs for build [32mcb-kubecd-environment-pr-5494-3-1[0m stage [32mfrom-build-pack[0m and container [32mstep-credential-initializer-x6wjn[0m
{"level":"warn","ts":1568572672.2401423,"logger":"fallback-logger","caller":"logging/config.go:69","msg":"Fetch GitHub commit ID from kodata failed: \"ref: refs/heads/master\" is not a valid GitHub commit ID"}
{"level":"info","ts":1568572672.2410214,"logger":"fallback-logger","caller":"creds-init/main.go:40","msg":"Credentials initialized."}

Showing logs for build [32mcb-kubecd-environment-pr-5494-3-1[0m stage [32mfrom-build-pack[0m and container [32mstep-working-dir-initializer-lhqmd[0m
{"level":"warn","ts":1568572673.1831865,"logger":"fallback-logger","caller":"logging/config.go:69","msg":"Fetch GitHub commit ID from kodata failed: open /var/run/ko/HEAD: no such file or directory"}
{"level":"info","ts":1568572673.1844206,"logger":"fallback-logger","caller":"bash/main.go:65","msg":"Successfully executed command \"mkdir -p /workspace/source /workspace/source/env\""}

Showing logs for build [32mcb-kubecd-environment-pr-5494-3-1[0m stage [32mfrom-build-pack[0m and container [32mstep-place-tools[0m

Showing logs for build [32mcb-kubecd-environment-pr-5494-3-1[0m stage [32mfrom-build-pack[0m and container [32mstep-git-source-cb-kubecd-environment-pr-5494-3-kj6rw[0m
{"level":"warn","ts":1568572730.280249,"logger":"fallback-logger","caller":"logging/config.go:69","msg":"Fetch GitHub commit ID from kodata failed: \"ref: refs/heads/master\" is not a valid GitHub commit ID"}
{"level":"info","ts":1568572731.3512063,"logger":"fallback-logger","caller":"git/git.go:102","msg":"Successfully cloned https://github.com/cb-kubecd/environment-pr-5494-3-tekton-gkebdd-staging.git @ master in path /workspace/source"}

Showing logs for build [32mcb-kubecd-environment-pr-5494-3-1[0m stage [32mfrom-build-pack[0m and container [32mstep-git-merge[0m
Using SHAs from PULL_REFS=master:7c92e18ad4086cfcf1a4d0a46196ab74ecb42332,1:057ab427cd7c76f888b2b5ba645014f7c39184b3
DEBUG: ran git fetch origin 057ab427cd7c76f888b2b5ba645014f7c39184b3: 7c92e18ad4086cfcf1a4d0a46196ab74ecb42332: in 
DEBUG: Unshallowed git repo in 
DEBUG: ran git checkout master in 
DEBUG: ran git reset --hard 7c92e18ad4086cfcf1a4d0a46196ab74ecb42332 in 
DEBUG: ran clean --force -d . in 
DEBUG: ran git merge 057ab427cd7c76f888b2b5ba645014f7c39184b3 in 
Merged SHA 057ab427cd7c76f888b2b5ba645014f7c39184b3 with commit message 'chore: Promote bdd-spring-1568572323 to version 0.0.1' into base branch master

Showing logs for build [32mcb-kubecd-environment-pr-5494-3-1[0m stage [32mfrom-build-pack[0m and container [32mstep-build-helm-build[0m
WARNING: No $CHART_REPOSITORY defined so using the default value of: http://jenkins-x-chartmuseum:8080
Adding missing Helm repo: storage.googleapis.com https://storage.googleapis.com/chartmuseum.jenkins-x.io
Successfully added Helm repository storage.googleapis.com.
Adding missing Helm repo: jenkins-x-chartmuseum http://jenkins-x-chartmuseum:8080
Successfully added Helm repository jenkins-x-chartmuseum.
WARNING: No $CHART_REPOSITORY defined so using the default value of: http://jenkins-x-chartmuseum:8080
Adding missing Helm repo: chartmuseum.jenkins-x.io http://chartmuseum.jenkins-x.io
Successfully added Helm repository chartmuseum.jenkins-x.io.
