
Showing logs for build [32mcb-kubecd-environment-pr-5494-3-wvkqn-1[0m stage [32mmeta-pipeline[0m and container [32mstep-credential-initializer-xw8jz[0m
{"level":"warn","ts":1568573951.3902936,"logger":"fallback-logger","caller":"logging/config.go:69","msg":"Fetch GitHub commit ID from kodata failed: \"ref: refs/heads/master\" is not a valid GitHub commit ID"}
{"level":"info","ts":1568573951.391201,"logger":"fallback-logger","caller":"creds-init/main.go:40","msg":"Credentials initialized."}

Showing logs for build [32mcb-kubecd-environment-pr-5494-3-wvkqn-1[0m stage [32mmeta-pipeline[0m and container [32mstep-working-dir-initializer-cs97t[0m
{"level":"warn","ts":1568573952.3392766,"logger":"fallback-logger","caller":"logging/config.go:69","msg":"Fetch GitHub commit ID from kodata failed: open /var/run/ko/HEAD: no such file or directory"}
{"level":"info","ts":1568573952.3416896,"logger":"fallback-logger","caller":"bash/main.go:65","msg":"Successfully executed command \"mkdir -p /workspace/source\""}

Showing logs for build [32mcb-kubecd-environment-pr-5494-3-wvkqn-1[0m stage [32mmeta-pipeline[0m and container [32mstep-place-tools[0m

Showing logs for build [32mcb-kubecd-environment-pr-5494-3-wvkqn-1[0m stage [32mmeta-pipeline[0m and container [32mstep-git-source-meta-cb-kubecd-environment-pr-5-mrf4j[0m
{"level":"warn","ts":1568573958.400626,"logger":"fallback-logger","caller":"logging/config.go:69","msg":"Fetch GitHub commit ID from kodata failed: \"ref: refs/heads/master\" is not a valid GitHub commit ID"}
{"level":"info","ts":1568573959.4419904,"logger":"fallback-logger","caller":"git/git.go:102","msg":"Successfully cloned https://github.com/cb-kubecd/environment-pr-5494-3-tekton-gkebdd-staging.git @ f610b5c42943a56fdea451f0a522aae2dc401b6a in path /workspace/source"}

Showing logs for build [32mcb-kubecd-environment-pr-5494-3-wvkqn-1[0m stage [32mmeta-pipeline[0m and container [32mstep-git-merge[0m
Using SHAs from PULL_REFS=master:f610b5c42943a56fdea451f0a522aae2dc401b6a,3:c5aa9ba99c00c9e759e0160cf341c1e3fd0f6158
DEBUG: ran git fetch --unshallow origin c5aa9ba99c00c9e759e0160cf341c1e3fd0f6158: f610b5c42943a56fdea451f0a522aae2dc401b6a: in 
DEBUG: ran git checkout master in 
DEBUG: ran git reset --hard f610b5c42943a56fdea451f0a522aae2dc401b6a in 
DEBUG: ran clean --force -d . in 
DEBUG: ran git merge c5aa9ba99c00c9e759e0160cf341c1e3fd0f6158 in 
Merged SHA c5aa9ba99c00c9e759e0160cf341c1e3fd0f6158 with commit message 'chore: Promote bdd-gh-1568573199 to version 0.0.1' into base branch master

Showing logs for build [32mcb-kubecd-environment-pr-5494-3-wvkqn-1[0m stage [32mmeta-pipeline[0m and container [32mstep-merge-pull-refs[0m
DEBUG: ran git fetch origin c5aa9ba99c00c9e759e0160cf341c1e3fd0f6158: f610b5c42943a56fdea451f0a522aae2dc401b6a: in 
DEBUG: Unshallowed git repo in 
DEBUG: ran git checkout master in 
DEBUG: ran git reset --hard f610b5c42943a56fdea451f0a522aae2dc401b6a in 
DEBUG: ran clean --force -d . in 
DEBUG: ran git merge c5aa9ba99c00c9e759e0160cf341c1e3fd0f6158 in 
Merged SHA c5aa9ba99c00c9e759e0160cf341c1e3fd0f6158 with commit message 'chore: Promote bdd-gh-1568573199 to version 0.0.1' into base branch master

Showing logs for build [32mcb-kubecd-environment-pr-5494-3-wvkqn-1[0m stage [32mmeta-pipeline[0m and container [32mstep-create-effective-pipeline[0m
Deleting and cloning the Jenkins X versions repo
Cloning the Jenkins X versions repo https://github.com/jenkins-x/jenkins-x-versions.git with ref refs/heads/master to /builder/home/.**/jenkins-x-versions
selected pack: /builder/home/.**/draft/packs/github.com/jenkins-x-buildpacks/jenkins-x-kubernetes/packs/environment
Effective pipeline written to jenkins-x-promotion-build-effective.yml

Showing logs for build [32mcb-kubecd-environment-pr-5494-3-wvkqn-1[0m stage [32mmeta-pipeline[0m and container [32mstep-create-tekton-crds[0m
PipelineActivity for cb-kubecd-environment-pr-5494-3-tekton-gkebdd-staging-PR-3-1
Applying changes 
upserted PipelineResource cb-kubecd-environment-pr-5494-3 for the git repository https://github.com/cb-kubecd/environment-pr-5494-3-tekton-gkebdd-staging.git
upserted Task cb-kubecd-environment-pr-5494-3-wvkqn-from-build-pack-1
upserted Pipeline cb-kubecd-environment-pr-5494-3-wvkqn-1
created PipelineRun cb-kubecd-environment-pr-5494-3-wvkqn-1
created PipelineStructure cb-kubecd-environment-pr-5494-3-wvkqn-1

Showing logs for build [32mcb-kubecd-environment-pr-5494-3-wvkqn-1[0m stage [32mfrom-build-pack[0m and container [32mstep-credential-initializer-s9txv[0m
{"level":"warn","ts":1568573974.5437224,"logger":"fallback-logger","caller":"logging/config.go:69","msg":"Fetch GitHub commit ID from kodata failed: \"ref: refs/heads/master\" is not a valid GitHub commit ID"}
{"level":"info","ts":1568573974.5443258,"logger":"fallback-logger","caller":"creds-init/main.go:40","msg":"Credentials initialized."}

Showing logs for build [32mcb-kubecd-environment-pr-5494-3-wvkqn-1[0m stage [32mfrom-build-pack[0m and container [32mstep-working-dir-initializer-mjj7k[0m
{"level":"warn","ts":1568573975.5242915,"logger":"fallback-logger","caller":"logging/config.go:69","msg":"Fetch GitHub commit ID from kodata failed: open /var/run/ko/HEAD: no such file or directory"}
{"level":"info","ts":1568573975.545421,"logger":"fallback-logger","caller":"bash/main.go:65","msg":"Successfully executed command \"mkdir -p /workspace/source /workspace/source/env\""}

Showing logs for build [32mcb-kubecd-environment-pr-5494-3-wvkqn-1[0m stage [32mfrom-build-pack[0m and container [32mstep-place-tools[0m

Showing logs for build [32mcb-kubecd-environment-pr-5494-3-wvkqn-1[0m stage [32mfrom-build-pack[0m and container [32mstep-git-source-cb-kubecd-environment-pr-5494-3-hhzq7[0m
{"level":"warn","ts":1568573979.2141972,"logger":"fallback-logger","caller":"logging/config.go:69","msg":"Fetch GitHub commit ID from kodata failed: \"ref: refs/heads/master\" is not a valid GitHub commit ID"}
{"level":"info","ts":1568573980.262289,"logger":"fallback-logger","caller":"git/git.go:102","msg":"Successfully cloned https://github.com/cb-kubecd/environment-pr-5494-3-tekton-gkebdd-staging.git @ master in path /workspace/source"}

Showing logs for build [32mcb-kubecd-environment-pr-5494-3-wvkqn-1[0m stage [32mfrom-build-pack[0m and container [32mstep-git-merge[0m
Using SHAs from PULL_REFS=master:f610b5c42943a56fdea451f0a522aae2dc401b6a,3:c5aa9ba99c00c9e759e0160cf341c1e3fd0f6158
DEBUG: ran git fetch --unshallow origin c5aa9ba99c00c9e759e0160cf341c1e3fd0f6158: f610b5c42943a56fdea451f0a522aae2dc401b6a: in 
DEBUG: ran git checkout master in 
DEBUG: ran git reset --hard f610b5c42943a56fdea451f0a522aae2dc401b6a in 
DEBUG: ran clean --force -d . in 
DEBUG: ran git merge c5aa9ba99c00c9e759e0160cf341c1e3fd0f6158 in 
Merged SHA c5aa9ba99c00c9e759e0160cf341c1e3fd0f6158 with commit message 'chore: Promote bdd-gh-1568573199 to version 0.0.1' into base branch master

Showing logs for build [32mcb-kubecd-environment-pr-5494-3-wvkqn-1[0m stage [32mfrom-build-pack[0m and container [32mstep-build-helm-build[0m
WARNING: No $CHART_REPOSITORY defined so using the default value of: http://jenkins-x-chartmuseum:8080
Adding missing Helm repo: storage.googleapis.com https://storage.googleapis.com/chartmuseum.jenkins-x.io
Successfully added Helm repository storage.googleapis.com.
Adding missing Helm repo: jenkins-x-chartmuseum http://jenkins-x-chartmuseum:8080
Successfully added Helm repository jenkins-x-chartmuseum.
WARNING: No $CHART_REPOSITORY defined so using the default value of: http://jenkins-x-chartmuseum:8080
Adding missing Helm repo: chartmuseum.jenkins-x.io http://chartmuseum.jenkins-x.io
Successfully added Helm repository chartmuseum.jenkins-x.io.
